# JRE version: Java(TM) SE Runtime Environment (18.0.2.1+1) (build 18.0.2.1+1-1)
# Java VM: Java HotSpot(TM) 64-Bit Server VM (18.0.2.1+1-1, mixed mode, sharing, tiered, compressed oops, compressed class ptrs, g1 gc, windows-amd64)
GC Precious Log:
 CardTable entry size: 512
 Card Set container configuration: InlinePtr #cards 5 size 8 Array Of Cards #cards 12 size 40 Howl #buckets 4 coarsen threshold 1843 Howl Bitmap #cards 512 size 80 coarsen threshold 460 Card regions per heap region 1 cards per card region 2048
 CPUs: 12 total, 12 available
 Memory: 7514M
 Large Page Support: Disabled
 NUMA Support: Disabled
 Compressed Oops: Enabled (32-bit)
 Heap Region Size: 1M
 Heap Min Capacity: 8M
 Heap Initial Capacity: 118M
 Heap Max Capacity: 1880M
 Pre-touch: Disabled
 Parallel Workers: 10
 Concurrent Workers: 3
 Concurrent Refinement Workers: 10
 Periodic GC: Disabled
Heap:
 garbage-first heap   total 97280K, used 56545K [0x000000008a800000, 0x0000000100000000)
  region size 1024K, 19 young (19456K), 1 survivors (1024K)
 Metaspace       used 81615K, committed 82432K, reserved 1179648K
  class space    used 10814K, committed 11200K, reserved 1048576K
GC Heap History (20 events):
Event: 9.165 GC heap before
{Heap before GC invocations=26 (full 0):
 garbage-first heap   total 73728K, used 59508K [0x000000008a800000, 0x0000000100000000)
  region size 1024K, 26 young (26624K), 4 survivors (4096K)
 Metaspace       used 73400K, committed 74112K, reserved 1114112K
  class space    used 10020K, committed 10368K, reserved 1048576K
}
Event: 9.170 GC heap after
{Heap after GC invocations=27 (full 0):
 garbage-first heap   total 73728K, used 38963K [0x000000008a800000, 0x0000000100000000)
  region size 1024K, 3 young (3072K), 3 survivors (3072K)
 Metaspace       used 73400K, committed 74112K, reserved 1114112K
  class space    used 10020K, committed 10368K, reserved 1048576K
}
Event: 9.858 GC heap before
{Heap before GC invocations=28 (full 0):
 garbage-first heap   total 73728K, used 58419K [0x000000008a800000, 0x0000000100000000)
  region size 1024K, 22 young (22528K), 3 survivors (3072K)
 Metaspace       used 74042K, committed 74752K, reserved 1114112K
  class space    used 10021K, committed 10368K, reserved 1048576K
}
Event: 9.862 GC heap after
{Heap after GC invocations=29 (full 0):
 garbage-first heap   total 73728K, used 39400K [0x000000008a800000, 0x0000000100000000)
  region size 1024K, 1 young (1024K), 1 survivors (1024K)
 Metaspace       used 74042K, committed 74752K, reserved 1114112K
  class space    used 10021K, committed 10368K, reserved 1048576K
}
Event: 9.916 GC heap before
{Heap before GC invocations=29 (full 0):
 garbage-first heap   total 73728K, used 41448K [0x000000008a800000, 0x0000000100000000)
  region size 1024K, 3 young (3072K), 1 survivors (1024K)
 Metaspace       used 74113K, committed 74816K, reserved 1114112K
  class space    used 10021K, committed 10368K, reserved 1048576K
}
Event: 9.917 GC heap after
{Heap after GC invocations=30 (full 0):
 garbage-first heap   total 73728K, used 39347K [0x000000008a800000, 0x0000000100000000)
  region size 1024K, 1 young (1024K), 1 survivors (1024K)
 Metaspace       used 74113K, committed 74816K, reserved 1114112K
  class space    used 10021K, committed 10368K, reserved 1048576K
}
Event: 10.464 GC heap before
{Heap before GC invocations=30 (full 0):
 garbage-first heap   total 73728K, used 59827K [0x000000008a800000, 0x0000000100000000)
  region size 1024K, 21 young (21504K), 1 survivors (1024K)
 Metaspace       used 74315K, committed 75008K, reserved 1114112K
  class space    used 10021K, committed 10368K, reserved 1048576K
}
Event: 10.466 GC heap after
{Heap after GC invocations=31 (full 0):
 garbage-first heap   total 97280K, used 39301K [0x000000008a800000, 0x0000000100000000)
  region size 1024K, 1 young (1024K), 1 survivors (1024K)
 Metaspace       used 74315K, committed 75008K, reserved 1114112K
  class space    used 10021K, committed 10368K, reserved 1048576K
}
Event: 11.228 GC heap before
{Heap before GC invocations=32 (full 0):
 garbage-first heap   total 97280K, used 77189K [0x000000008a800000, 0x0000000100000000)
  region size 1024K, 39 young (39936K), 1 survivors (1024K)
 Metaspace       used 79130K, committed 79808K, reserved 1179648K
  class space    used 10783K, committed 11072K, reserved 1048576K
}
Event: 11.231 GC heap after
{Heap after GC invocations=33 (full 0):
 garbage-first heap   total 97280K, used 40461K [0x000000008a800000, 0x0000000100000000)
  region size 1024K, 2 young (2048K), 2 survivors (2048K)
 Metaspace       used 79130K, committed 79808K, reserved 1179648K
  class space    used 10783K, committed 11072K, reserved 1048576K
}
Event: 11.248 GC heap before
{Heap before GC invocations=33 (full 0):
 garbage-first heap   total 97280K, used 42509K [0x000000008a800000, 0x0000000100000000)
  region size 1024K, 4 young (4096K), 2 survivors (2048K)
 Metaspace       used 79145K, committed 79808K, reserved 1179648K
  class space    used 10783K, committed 11072K, reserved 1048576K
}
Event: 11.251 GC heap after
{Heap after GC invocations=34 (full 0):
 garbage-first heap   total 97280K, used 40060K [0x000000008a800000, 0x0000000100000000)
  region size 1024K, 1 young (1024K), 1 survivors (1024K)
 Metaspace       used 79145K, committed 79808K, reserved 1179648K
  class space    used 10783K, committed 11072K, reserved 1048576K
}
Event: 11.722 GC heap before
{Heap before GC invocations=34 (full 0):
 garbage-first heap   total 97280K, used 78972K [0x000000008a800000, 0x0000000100000000)
  region size 1024K, 40 young (40960K), 1 survivors (1024K)
 Metaspace       used 79773K, committed 80512K, reserved 1179648K
  class space    used 10807K, committed 11200K, reserved 1048576K
}
Event: 11.724 GC heap after
{Heap after GC invocations=35 (full 0):
 garbage-first heap   total 97280K, used 40080K [0x000000008a800000, 0x0000000100000000)
  region size 1024K, 1 young (1024K), 1 survivors (1024K)
 Metaspace       used 79773K, committed 80512K, reserved 1179648K
  class space    used 10807K, committed 11200K, reserved 1048576K
}
Event: 12.199 GC heap before
{Heap before GC invocations=35 (full 0):
 garbage-first heap   total 97280K, used 80016K [0x000000008a800000, 0x0000000100000000)
  region size 1024K, 41 young (41984K), 1 survivors (1024K)
 Metaspace       used 80434K, committed 81216K, reserved 1179648K
  class space    used 10814K, committed 11200K, reserved 1048576K
}
Event: 12.200 GC heap after
{Heap after GC invocations=36 (full 0):
 garbage-first heap   total 97280K, used 40060K [0x000000008a800000, 0x0000000100000000)
  region size 1024K, 1 young (1024K), 1 survivors (1024K)
 Metaspace       used 80434K, committed 81216K, reserved 1179648K
  class space    used 10814K, committed 11200K, reserved 1048576K
}
Event: 12.620 GC heap before
{Heap before GC invocations=36 (full 0):
 garbage-first heap   total 97280K, used 81020K [0x000000008a800000, 0x0000000100000000)
  region size 1024K, 42 young (43008K), 1 survivors (1024K)
 Metaspace       used 80865K, committed 81664K, reserved 1179648K
  class space    used 10814K, committed 11200K, reserved 1048576K
}
Event: 12.622 GC heap after
{Heap after GC invocations=37 (full 0):
 garbage-first heap   total 97280K, used 40067K [0x000000008a800000, 0x0000000100000000)
  region size 1024K, 1 young (1024K), 1 survivors (1024K)
 Metaspace       used 80865K, committed 81664K, reserved 1179648K
  class space    used 10814K, committed 11200K, reserved 1048576K
}
Event: 13.042 GC heap before
{Heap before GC invocations=37 (full 0):
 garbage-first heap   total 97280K, used 81027K [0x000000008a800000, 0x0000000100000000)
  region size 1024K, 42 young (43008K), 1 survivors (1024K)
 Metaspace       used 81415K, committed 82240K, reserved 1179648K
  class space    used 10814K, committed 11200K, reserved 1048576K
}
Event: 13.045 GC heap after
{Heap after GC invocations=38 (full 0):
 garbage-first heap   total 97280K, used 40161K [0x000000008a800000, 0x0000000100000000)
  region size 1024K, 1 young (1024K), 1 survivors (1024K)
 Metaspace       used 81415K, committed 82240K, reserved 1179648K
  class space    used 10814K, committed 11200K, reserved 1048576K
}

