# JRE version: Java(TM) SE Runtime Environment (18.0.2.1+1) (build 18.0.2.1+1-1)
# Java VM: Java HotSpot(TM) 64-Bit Server VM (18.0.2.1+1-1, mixed mode, sharing, tiered, compressed oops, compressed class ptrs, g1 gc, windows-amd64)
GC Precious Log:
 CardTable entry size: 512
 Card Set container configuration: InlinePtr #cards 5 size 8 Array Of Cards #cards 12 size 40 Howl #buckets 4 coarsen threshold 1843 Howl Bitmap #cards 512 size 80 coarsen threshold 460 Card regions per heap region 1 cards per card region 2048
 CPUs: 12 total, 12 available
 Memory: 7514M
 Large Page Support: Disabled
 NUMA Support: Disabled
 Compressed Oops: Enabled (32-bit)
 Heap Region Size: 1M
 Heap Min Capacity: 8M
 Heap Initial Capacity: 118M
 Heap Max Capacity: 1880M
 Pre-touch: Disabled
 Parallel Workers: 10
 Concurrent Workers: 3
 Concurrent Refinement Workers: 10
 Periodic GC: Disabled
Heap:
 garbage-first heap   total 104448K, used 65227K [0x000000008a800000, 0x0000000100000000)
  region size 1024K, 26 young (26624K), 1 survivors (1024K)
 Metaspace       used 78826K, committed 79680K, reserved 1179648K
  class space    used 10806K, committed 11200K, reserved 1048576K
GC Heap History (20 events):
Event: 7.133 GC heap before
{Heap before GC invocations=15 (full 0):
 garbage-first heap   total 66560K, used 50742K [0x000000008a800000, 0x0000000100000000)
  region size 1024K, 27 young (27648K), 3 survivors (3072K)
 Metaspace       used 61498K, committed 62208K, reserved 1114112K
  class space    used 8230K, committed 8576K, reserved 1048576K
}
Event: 7.138 GC heap after
{Heap after GC invocations=16 (full 0):
 garbage-first heap   total 66560K, used 29543K [0x000000008a800000, 0x0000000100000000)
  region size 1024K, 4 young (4096K), 4 survivors (4096K)
 Metaspace       used 61498K, committed 62208K, reserved 1114112K
  class space    used 8230K, committed 8576K, reserved 1048576K
}
Event: 7.381 GC heap before
{Heap before GC invocations=16 (full 0):
 garbage-first heap   total 66560K, used 51047K [0x000000008a800000, 0x0000000100000000)
  region size 1024K, 26 young (26624K), 4 survivors (4096K)
 Metaspace       used 64739K, committed 65408K, reserved 1114112K
  class space    used 8879K, committed 9216K, reserved 1048576K
}
Event: 7.386 GC heap after
{Heap after GC invocations=17 (full 0):
 garbage-first heap   total 66560K, used 31696K [0x000000008a800000, 0x0000000100000000)
  region size 1024K, 3 young (3072K), 3 survivors (3072K)
 Metaspace       used 64739K, committed 65408K, reserved 1114112K
  class space    used 8879K, committed 9216K, reserved 1048576K
}
Event: 7.577 GC heap before
{Heap before GC invocations=17 (full 0):
 garbage-first heap   total 66560K, used 50128K [0x000000008a800000, 0x0000000100000000)
  region size 1024K, 22 young (22528K), 3 survivors (3072K)
 Metaspace       used 67031K, committed 67712K, reserved 1114112K
  class space    used 9181K, committed 9536K, reserved 1048576K
}
Event: 7.580 GC heap after
{Heap after GC invocations=18 (full 0):
 garbage-first heap   total 66560K, used 32993K [0x000000008a800000, 0x0000000100000000)
  region size 1024K, 2 young (2048K), 2 survivors (2048K)
 Metaspace       used 67031K, committed 67712K, reserved 1114112K
  class space    used 9181K, committed 9536K, reserved 1048576K
}
Event: 7.623 GC heap before
{Heap before GC invocations=19 (full 0):
 garbage-first heap   total 70656K, used 52449K [0x000000008a800000, 0x0000000100000000)
  region size 1024K, 21 young (21504K), 2 survivors (2048K)
 Metaspace       used 67038K, committed 67712K, reserved 1114112K
  class space    used 9181K, committed 9536K, reserved 1048576K
}
Event: 7.625 GC heap after
{Heap after GC invocations=20 (full 0):
 garbage-first heap   total 70656K, used 33490K [0x000000008a800000, 0x0000000100000000)
  region size 1024K, 2 young (2048K), 2 survivors (2048K)
 Metaspace       used 67038K, committed 67712K, reserved 1114112K
  class space    used 9181K, committed 9536K, reserved 1048576K
}
Event: 7.804 GC heap before
{Heap before GC invocations=20 (full 0):
 garbage-first heap   total 70656K, used 57042K [0x000000008a800000, 0x0000000100000000)
  region size 1024K, 25 young (25600K), 2 survivors (2048K)
 Metaspace       used 67479K, committed 68224K, reserved 1114112K
  class space    used 9247K, committed 9600K, reserved 1048576K
}
Event: 7.806 GC heap after
{Heap after GC invocations=21 (full 0):
 garbage-first heap   total 70656K, used 34488K [0x000000008a800000, 0x0000000100000000)
  region size 1024K, 3 young (3072K), 3 survivors (3072K)
 Metaspace       used 67479K, committed 68224K, reserved 1114112K
  class space    used 9247K, committed 9600K, reserved 1048576K
}
Event: 8.153 GC heap before
{Heap before GC invocations=22 (full 0):
 garbage-first heap   total 70656K, used 57016K [0x000000008a800000, 0x0000000100000000)
  region size 1024K, 25 young (25600K), 3 survivors (3072K)
 Metaspace       used 69776K, committed 70464K, reserved 1114112K
  class space    used 9577K, committed 9920K, reserved 1048576K
}
Event: 8.157 GC heap after
{Heap after GC invocations=23 (full 0):
 garbage-first heap   total 70656K, used 36532K [0x000000008a800000, 0x0000000100000000)
  region size 1024K, 4 young (4096K), 4 survivors (4096K)
 Metaspace       used 69776K, committed 70464K, reserved 1114112K
  class space    used 9577K, committed 9920K, reserved 1048576K
}
Event: 8.456 GC heap before
{Heap before GC invocations=23 (full 0):
 garbage-first heap   total 70656K, used 57012K [0x000000008a800000, 0x0000000100000000)
  region size 1024K, 24 young (24576K), 4 survivors (4096K)
 Metaspace       used 71896K, committed 72640K, reserved 1114112K
  class space    used 9873K, committed 10240K, reserved 1048576K
}
Event: 8.461 GC heap after
{Heap after GC invocations=24 (full 0):
 garbage-first heap   total 70656K, used 38296K [0x000000008a800000, 0x0000000100000000)
  region size 1024K, 3 young (3072K), 3 survivors (3072K)
 Metaspace       used 71896K, committed 72640K, reserved 1114112K
  class space    used 9873K, committed 10240K, reserved 1048576K
}
Event: 8.795 GC heap before
{Heap before GC invocations=25 (full 0):
 garbage-first heap   total 70656K, used 55704K [0x000000008a800000, 0x0000000100000000)
  region size 1024K, 21 young (21504K), 3 survivors (3072K)
 Metaspace       used 75671K, committed 76416K, reserved 1179648K
  class space    used 10452K, committed 10816K, reserved 1048576K
}
Event: 8.801 GC heap after
{Heap after GC invocations=26 (full 0):
 garbage-first heap   total 70656K, used 39944K [0x000000008a800000, 0x0000000100000000)
  region size 1024K, 2 young (2048K), 2 survivors (2048K)
 Metaspace       used 75671K, committed 76416K, reserved 1179648K
  class space    used 10452K, committed 10816K, reserved 1048576K
}
Event: 8.815 GC heap before
{Heap before GC invocations=26 (full 0):
 garbage-first heap   total 70656K, used 40968K [0x000000008a800000, 0x0000000100000000)
  region size 1024K, 3 young (3072K), 2 survivors (2048K)
 Metaspace       used 75814K, committed 76544K, reserved 1179648K
  class space    used 10485K, committed 10816K, reserved 1048576K
}
Event: 8.817 GC heap after
{Heap after GC invocations=27 (full 0):
 garbage-first heap   total 104448K, used 40108K [0x000000008a800000, 0x0000000100000000)
  region size 1024K, 1 young (1024K), 1 survivors (1024K)
 Metaspace       used 75814K, committed 76544K, reserved 1179648K
  class space    used 10485K, committed 10816K, reserved 1048576K
}
Event: 9.329 GC heap before
{Heap before GC invocations=27 (full 0):
 garbage-first heap   total 104448K, used 79020K [0x000000008a800000, 0x0000000100000000)
  region size 1024K, 40 young (40960K), 1 survivors (1024K)
 Metaspace       used 78418K, committed 79168K, reserved 1179648K
  class space    used 10797K, committed 11136K, reserved 1048576K
}
Event: 9.332 GC heap after
{Heap after GC invocations=28 (full 0):
 garbage-first heap   total 104448K, used 40651K [0x000000008a800000, 0x0000000100000000)
  region size 1024K, 1 young (1024K), 1 survivors (1024K)
 Metaspace       used 78418K, committed 79168K, reserved 1179648K
  class space    used 10797K, committed 11136K, reserved 1048576K
}

