# JRE version: Java(TM) SE Runtime Environment (18.0.2.1+1) (build 18.0.2.1+1-1)
# Java VM: Java HotSpot(TM) 64-Bit Server VM (18.0.2.1+1-1, mixed mode, sharing, tiered, compressed oops, compressed class ptrs, g1 gc, windows-amd64)
GC Precious Log:
 CardTable entry size: 512
 Card Set container configuration: InlinePtr #cards 5 size 8 Array Of Cards #cards 12 size 40 Howl #buckets 4 coarsen threshold 1843 Howl Bitmap #cards 512 size 80 coarsen threshold 460 Card regions per heap region 1 cards per card region 2048
 CPUs: 12 total, 12 available
 Memory: 7514M
 Large Page Support: Disabled
 NUMA Support: Disabled
 Compressed Oops: Enabled (32-bit)
 Heap Region Size: 1M
 Heap Min Capacity: 8M
 Heap Initial Capacity: 118M
 Heap Max Capacity: 1880M
 Pre-touch: Disabled
 Parallel Workers: 10
 Concurrent Workers: 3
 Concurrent Refinement Workers: 10
 Periodic GC: Disabled
Heap:
 garbage-first heap   total 115712K, used 80304K [0x000000008a800000, 0x0000000100000000)
  region size 1024K, 44 young (45056K), 1 survivors (1024K)
 Metaspace       used 81484K, committed 82240K, reserved 1179648K
  class space    used 10504K, committed 10880K, reserved 1048576K
GC Heap History (20 events):
Event: 390.709 GC heap before
{Heap before GC invocations=89 (full 0):
 garbage-first heap   total 115712K, used 99563K [0x000000008a800000, 0x0000000100000000)
  region size 1024K, 63 young (64512K), 1 survivors (1024K)
 Metaspace       used 81481K, committed 82240K, reserved 1179648K
  class space    used 10504K, committed 10880K, reserved 1048576K
}
Event: 390.710 GC heap after
{Heap after GC invocations=90 (full 0):
 garbage-first heap   total 115712K, used 37081K [0x000000008a800000, 0x0000000100000000)
  region size 1024K, 1 young (1024K), 1 survivors (1024K)
 Metaspace       used 81481K, committed 82240K, reserved 1179648K
  class space    used 10504K, committed 10880K, reserved 1048576K
}
Event: 398.827 GC heap before
{Heap before GC invocations=90 (full 0):
 garbage-first heap   total 115712K, used 99545K [0x000000008a800000, 0x0000000100000000)
  region size 1024K, 63 young (64512K), 1 survivors (1024K)
 Metaspace       used 81481K, committed 82240K, reserved 1179648K
  class space    used 10504K, committed 10880K, reserved 1048576K
}
Event: 398.828 GC heap after
{Heap after GC invocations=91 (full 0):
 garbage-first heap   total 115712K, used 37074K [0x000000008a800000, 0x0000000100000000)
  region size 1024K, 1 young (1024K), 1 survivors (1024K)
 Metaspace       used 81481K, committed 82240K, reserved 1179648K
  class space    used 10504K, committed 10880K, reserved 1048576K
}
Event: 406.473 GC heap before
{Heap before GC invocations=91 (full 0):
 garbage-first heap   total 115712K, used 99538K [0x000000008a800000, 0x0000000100000000)
  region size 1024K, 63 young (64512K), 1 survivors (1024K)
 Metaspace       used 81481K, committed 82240K, reserved 1179648K
  class space    used 10504K, committed 10880K, reserved 1048576K
}
Event: 406.474 GC heap after
{Heap after GC invocations=92 (full 0):
 garbage-first heap   total 115712K, used 37117K [0x000000008a800000, 0x0000000100000000)
  region size 1024K, 1 young (1024K), 1 survivors (1024K)
 Metaspace       used 81481K, committed 82240K, reserved 1179648K
  class space    used 10504K, committed 10880K, reserved 1048576K
}
Event: 415.083 GC heap before
{Heap before GC invocations=92 (full 0):
 garbage-first heap   total 115712K, used 99581K [0x000000008a800000, 0x0000000100000000)
  region size 1024K, 63 young (64512K), 1 survivors (1024K)
 Metaspace       used 81481K, committed 82240K, reserved 1179648K
  class space    used 10504K, committed 10880K, reserved 1048576K
}
Event: 415.084 GC heap after
{Heap after GC invocations=93 (full 0):
 garbage-first heap   total 115712K, used 37083K [0x000000008a800000, 0x0000000100000000)
  region size 1024K, 1 young (1024K), 1 survivors (1024K)
 Metaspace       used 81481K, committed 82240K, reserved 1179648K
  class space    used 10504K, committed 10880K, reserved 1048576K
}
Event: 422.715 GC heap before
{Heap before GC invocations=93 (full 0):
 garbage-first heap   total 115712K, used 99547K [0x000000008a800000, 0x0000000100000000)
  region size 1024K, 63 young (64512K), 1 survivors (1024K)
 Metaspace       used 81481K, committed 82240K, reserved 1179648K
  class space    used 10504K, committed 10880K, reserved 1048576K
}
Event: 422.716 GC heap after
{Heap after GC invocations=94 (full 0):
 garbage-first heap   total 115712K, used 37121K [0x000000008a800000, 0x0000000100000000)
  region size 1024K, 1 young (1024K), 1 survivors (1024K)
 Metaspace       used 81481K, committed 82240K, reserved 1179648K
  class space    used 10504K, committed 10880K, reserved 1048576K
}
Event: 431.206 GC heap before
{Heap before GC invocations=94 (full 0):
 garbage-first heap   total 115712K, used 99585K [0x000000008a800000, 0x0000000100000000)
  region size 1024K, 63 young (64512K), 1 survivors (1024K)
 Metaspace       used 81481K, committed 82240K, reserved 1179648K
  class space    used 10504K, committed 10880K, reserved 1048576K
}
Event: 431.207 GC heap after
{Heap after GC invocations=95 (full 0):
 garbage-first heap   total 115712K, used 37091K [0x000000008a800000, 0x0000000100000000)
  region size 1024K, 1 young (1024K), 1 survivors (1024K)
 Metaspace       used 81481K, committed 82240K, reserved 1179648K
  class space    used 10504K, committed 10880K, reserved 1048576K
}
Event: 439.338 GC heap before
{Heap before GC invocations=95 (full 0):
 garbage-first heap   total 115712K, used 99555K [0x000000008a800000, 0x0000000100000000)
  region size 1024K, 63 young (64512K), 1 survivors (1024K)
 Metaspace       used 81482K, committed 82240K, reserved 1179648K
  class space    used 10504K, committed 10880K, reserved 1048576K
}
Event: 439.340 GC heap after
{Heap after GC invocations=96 (full 0):
 garbage-first heap   total 115712K, used 37111K [0x000000008a800000, 0x0000000100000000)
  region size 1024K, 1 young (1024K), 1 survivors (1024K)
 Metaspace       used 81482K, committed 82240K, reserved 1179648K
  class space    used 10504K, committed 10880K, reserved 1048576K
}
Event: 447.425 GC heap before
{Heap before GC invocations=96 (full 0):
 garbage-first heap   total 115712K, used 99575K [0x000000008a800000, 0x0000000100000000)
  region size 1024K, 63 young (64512K), 1 survivors (1024K)
 Metaspace       used 81482K, committed 82240K, reserved 1179648K
  class space    used 10504K, committed 10880K, reserved 1048576K
}
Event: 447.426 GC heap after
{Heap after GC invocations=97 (full 0):
 garbage-first heap   total 115712K, used 37124K [0x000000008a800000, 0x0000000100000000)
  region size 1024K, 1 young (1024K), 1 survivors (1024K)
 Metaspace       used 81482K, committed 82240K, reserved 1179648K
  class space    used 10504K, committed 10880K, reserved 1048576K
}
Event: 455.616 GC heap before
{Heap before GC invocations=97 (full 0):
 garbage-first heap   total 115712K, used 99588K [0x000000008a800000, 0x0000000100000000)
  region size 1024K, 63 young (64512K), 1 survivors (1024K)
 Metaspace       used 81482K, committed 82240K, reserved 1179648K
  class space    used 10504K, committed 10880K, reserved 1048576K
}
Event: 455.617 GC heap after
{Heap after GC invocations=98 (full 0):
 garbage-first heap   total 115712K, used 37116K [0x000000008a800000, 0x0000000100000000)
  region size 1024K, 1 young (1024K), 1 survivors (1024K)
 Metaspace       used 81482K, committed 82240K, reserved 1179648K
  class space    used 10504K, committed 10880K, reserved 1048576K
}
Event: 464.034 GC heap before
{Heap before GC invocations=98 (full 0):
 garbage-first heap   total 115712K, used 99580K [0x000000008a800000, 0x0000000100000000)
  region size 1024K, 63 young (64512K), 1 survivors (1024K)
 Metaspace       used 81484K, committed 82240K, reserved 1179648K
  class space    used 10504K, committed 10880K, reserved 1048576K
}
Event: 464.036 GC heap after
{Heap after GC invocations=99 (full 0):
 garbage-first heap   total 115712K, used 37296K [0x000000008a800000, 0x0000000100000000)
  region size 1024K, 1 young (1024K), 1 survivors (1024K)
 Metaspace       used 81484K, committed 82240K, reserved 1179648K
  class space    used 10504K, committed 10880K, reserved 1048576K
}

